<?xml version="1.0" encoding="UTF-8"?>
<testsuite name="LibraryTest" tests="1" skipped="0" failures="0" errors="0" timestamp="2018-12-25T03:34:04" hostname="LAPTOP-TNVO5BIU" time="0.003">
  <properties/>
  <testcase name="testSomeLibraryMethod" classname="LibraryTest" time="0.003"/>
  <system-out><![CDATA[]]></system-out>
  <system-err><![CDATA[]]></system-err>
</testsuite>
